{"__type":"$$EventMessageWorkflow","id":"b2ef83e0-ff2f-46f3-8855-27d84f25e11e","ts":"2025-06-18T11:09:02.501+00:00","eventName":"n8n.workflow.started","message":"n8n.workflow.started","payload":{"executionId":"39","workflowId":"HSBafTyj0SG6K5y2","isManual":false,"workflowName":"My workflow"}}
{"__type":"$$EventMessageConfirm","confirm":"b2ef83e0-ff2f-46f3-8855-27d84f25e11e","ts":"2025-06-18T11:09:02.502+00:00","source":{"id":"0","name":"eventBus"}}
{"__type":"$$EventMessageNode","id":"9f1525b4-6731-438c-ae15-798d9ec107df","ts":"2025-06-18T11:09:02.504+00:00","eventName":"n8n.node.started","message":"n8n.node.started","payload":{"workflowId":"HSBafTyj0SG6K5y2","workflowName":"My workflow","executionId":"39","nodeType":"n8n-nodes-base.scheduleTrigger","nodeName":"Schedule update product everyday"}}
{"__type":"$$EventMessageConfirm","confirm":"9f1525b4-6731-438c-ae15-798d9ec107df","ts":"2025-06-18T11:09:02.504+00:00","source":{"id":"0","name":"eventBus"}}
{"__type":"$$EventMessageNode","id":"4577839c-b2a0-47d8-b7e6-edd64b5a8c02","ts":"2025-06-18T11:09:02.519+00:00","eventName":"n8n.node.finished","message":"n8n.node.finished","payload":{"workflowId":"HSBafTyj0SG6K5y2","workflowName":"My workflow","executionId":"39","nodeType":"n8n-nodes-base.scheduleTrigger","nodeName":"Schedule update product everyday"}}
{"__type":"$$EventMessageConfirm","confirm":"4577839c-b2a0-47d8-b7e6-edd64b5a8c02","ts":"2025-06-18T11:09:02.519+00:00","source":{"id":"0","name":"eventBus"}}
{"__type":"$$EventMessageWorkflow","id":"911a4aff-7eb9-4a4d-8b75-3c266f1d9422","ts":"2025-06-18T11:09:02.530+00:00","eventName":"n8n.workflow.success","message":"n8n.workflow.success","payload":{"executionId":"39","userId":"039e231e-6868-4899-a838-25fbd60ac659","success":true,"isManual":true,"workflowId":"HSBafTyj0SG6K5y2","workflowName":"My workflow"}}
{"__type":"$$EventMessageConfirm","confirm":"911a4aff-7eb9-4a4d-8b75-3c266f1d9422","ts":"2025-06-18T11:09:02.530+00:00","source":{"id":"0","name":"eventBus"}}
{"__type":"$$EventMessageWorkflow","id":"b0e2a747-f8c4-4435-8d68-a2fb70f2229e","ts":"2025-06-18T11:09:03.649+00:00","eventName":"n8n.workflow.started","message":"n8n.workflow.started","payload":{"executionId":"40","workflowId":"HSBafTyj0SG6K5y2","isManual":false,"workflowName":"My workflow"}}
{"__type":"$$EventMessageConfirm","confirm":"b0e2a747-f8c4-4435-8d68-a2fb70f2229e","ts":"2025-06-18T11:09:03.650+00:00","source":{"id":"0","name":"eventBus"}}
{"__type":"$$EventMessageNode","id":"83a141fc-1553-4691-8cc8-29e101ce7666","ts":"2025-06-18T11:09:03.651+00:00","eventName":"n8n.node.started","message":"n8n.node.started","payload":{"workflowId":"HSBafTyj0SG6K5y2","workflowName":"My workflow","executionId":"40","nodeType":"n8n-nodes-base.httpRequest","nodeName":"Get all products"}}
{"__type":"$$EventMessageConfirm","confirm":"83a141fc-1553-4691-8cc8-29e101ce7666","ts":"2025-06-18T11:09:03.651+00:00","source":{"id":"0","name":"eventBus"}}
{"__type":"$$EventMessageNode","id":"781b29f4-0d45-403e-9ac9-d86921eb0b51","ts":"2025-06-18T11:09:03.885+00:00","eventName":"n8n.node.finished","message":"n8n.node.finished","payload":{"workflowId":"HSBafTyj0SG6K5y2","workflowName":"My workflow","executionId":"40","nodeType":"n8n-nodes-base.httpRequest","nodeName":"Get all products"}}
{"__type":"$$EventMessageConfirm","confirm":"781b29f4-0d45-403e-9ac9-d86921eb0b51","ts":"2025-06-18T11:09:03.886+00:00","source":{"id":"0","name":"eventBus"}}
{"__type":"$$EventMessageWorkflow","id":"70af69a2-c178-44c1-bde6-e064283dc0e5","ts":"2025-06-18T11:09:03.901+00:00","eventName":"n8n.workflow.success","message":"n8n.workflow.success","payload":{"executionId":"40","userId":"039e231e-6868-4899-a838-25fbd60ac659","success":true,"isManual":true,"workflowId":"HSBafTyj0SG6K5y2","workflowName":"My workflow"}}
{"__type":"$$EventMessageConfirm","confirm":"70af69a2-c178-44c1-bde6-e064283dc0e5","ts":"2025-06-18T11:09:03.901+00:00","source":{"id":"0","name":"eventBus"}}
{"__type":"$$EventMessageWorkflow","id":"88cc81b8-c8bb-40c7-b40a-aae028a43c82","ts":"2025-06-18T11:09:05.717+00:00","eventName":"n8n.workflow.started","message":"n8n.workflow.started","payload":{"executionId":"41","workflowId":"HSBafTyj0SG6K5y2","isManual":false,"workflowName":"My workflow"}}
{"__type":"$$EventMessageConfirm","confirm":"88cc81b8-c8bb-40c7-b40a-aae028a43c82","ts":"2025-06-18T11:09:05.717+00:00","source":{"id":"0","name":"eventBus"}}
{"__type":"$$EventMessageNode","id":"8dcf7ac1-d876-44d9-a463-9745d4d664cb","ts":"2025-06-18T11:09:05.727+00:00","eventName":"n8n.node.started","message":"n8n.node.started","payload":{"workflowId":"HSBafTyj0SG6K5y2","workflowName":"My workflow","executionId":"41","nodeType":"n8n-nodes-base.code","nodeName":"Document Conversion"}}
{"__type":"$$EventMessageConfirm","confirm":"8dcf7ac1-d876-44d9-a463-9745d4d664cb","ts":"2025-06-18T11:09:05.728+00:00","source":{"id":"0","name":"eventBus"}}
{"__type":"$$EventMessageNode","id":"d9e8132c-97ba-4feb-9f1e-bec0ee56aec1","ts":"2025-06-18T07:09:05.822-04:00","eventName":"n8n.node.finished","message":"n8n.node.finished","payload":{"workflowId":"HSBafTyj0SG6K5y2","workflowName":"My workflow","executionId":"41","nodeType":"n8n-nodes-base.code","nodeName":"Document Conversion"}}
{"__type":"$$EventMessageConfirm","confirm":"d9e8132c-97ba-4feb-9f1e-bec0ee56aec1","ts":"2025-06-18T07:09:05.822-04:00","source":{"id":"0","name":"eventBus"}}
{"__type":"$$EventMessageWorkflow","id":"e4f2007f-33cb-4203-b1d6-b87f85029e2a","ts":"2025-06-18T07:09:05.844-04:00","eventName":"n8n.workflow.success","message":"n8n.workflow.success","payload":{"executionId":"41","userId":"039e231e-6868-4899-a838-25fbd60ac659","success":true,"isManual":true,"workflowId":"HSBafTyj0SG6K5y2","workflowName":"My workflow"}}
{"__type":"$$EventMessageConfirm","confirm":"e4f2007f-33cb-4203-b1d6-b87f85029e2a","ts":"2025-06-18T07:09:05.845-04:00","source":{"id":"0","name":"eventBus"}}
{"__type":"$$EventMessageWorkflow","id":"c341cce8-77ee-417f-83d3-ee9bab8a54c2","ts":"2025-06-18T07:09:18.048-04:00","eventName":"n8n.workflow.started","message":"n8n.workflow.started","payload":{"executionId":"42","workflowId":"HSBafTyj0SG6K5y2","isManual":false,"workflowName":"My workflow"}}
{"__type":"$$EventMessageConfirm","confirm":"c341cce8-77ee-417f-83d3-ee9bab8a54c2","ts":"2025-06-18T07:09:18.049-04:00","source":{"id":"0","name":"eventBus"}}
{"__type":"$$EventMessageNode","id":"4ab7159b-529d-498f-9d46-f1902c55af44","ts":"2025-06-18T07:09:18.056-04:00","eventName":"n8n.node.started","message":"n8n.node.started","payload":{"workflowId":"HSBafTyj0SG6K5y2","workflowName":"My workflow","executionId":"42","nodeType":"n8n-nodes-base.code","nodeName":"Document Conversion"}}
{"__type":"$$EventMessageConfirm","confirm":"4ab7159b-529d-498f-9d46-f1902c55af44","ts":"2025-06-18T07:09:18.056-04:00","source":{"id":"0","name":"eventBus"}}
{"__type":"$$EventMessageNode","id":"43b15401-5c34-4b88-b2e4-3bfd5fdf2317","ts":"2025-06-18T07:09:18.086-04:00","eventName":"n8n.node.finished","message":"n8n.node.finished","payload":{"workflowId":"HSBafTyj0SG6K5y2","workflowName":"My workflow","executionId":"42","nodeType":"n8n-nodes-base.code","nodeName":"Document Conversion"}}
{"__type":"$$EventMessageConfirm","confirm":"43b15401-5c34-4b88-b2e4-3bfd5fdf2317","ts":"2025-06-18T07:09:18.087-04:00","source":{"id":"0","name":"eventBus"}}
{"__type":"$$EventMessageWorkflow","id":"483b86ef-2b33-4c91-a14d-5bd2162b913a","ts":"2025-06-18T07:09:18.091-04:00","eventName":"n8n.workflow.failed","message":"n8n.workflow.failed","payload":{"executionId":"42","userId":"039e231e-6868-4899-a838-25fbd60ac659","success":false,"isManual":true,"workflowId":"HSBafTyj0SG6K5y2","workflowName":"My workflow","lastNodeExecuted":"Document Conversion","errorNodeType":"n8n-nodes-base.code","errorMessage":"Cannot find module 'html-to-text' [line 1]"}}
{"__type":"$$EventMessageConfirm","confirm":"483b86ef-2b33-4c91-a14d-5bd2162b913a","ts":"2025-06-18T07:09:18.091-04:00","source":{"id":"0","name":"eventBus"}}
{"__type":"$$EventMessageWorkflow","id":"79a0ed6a-271a-44ad-84d1-171bca1ec706","ts":"2025-06-18T07:11:37.412-04:00","eventName":"n8n.workflow.started","message":"n8n.workflow.started","payload":{"executionId":"43","workflowId":"HSBafTyj0SG6K5y2","isManual":false,"workflowName":"My workflow"}}
{"__type":"$$EventMessageConfirm","confirm":"79a0ed6a-271a-44ad-84d1-171bca1ec706","ts":"2025-06-18T07:11:37.412-04:00","source":{"id":"0","name":"eventBus"}}
{"__type":"$$EventMessageNode","id":"456de588-54ef-4155-945d-bd85ff96495e","ts":"2025-06-18T07:11:37.423-04:00","eventName":"n8n.node.started","message":"n8n.node.started","payload":{"workflowId":"HSBafTyj0SG6K5y2","workflowName":"My workflow","executionId":"43","nodeType":"n8n-nodes-base.code","nodeName":"Document Conversion"}}
{"__type":"$$EventMessageConfirm","confirm":"456de588-54ef-4155-945d-bd85ff96495e","ts":"2025-06-18T07:11:37.423-04:00","source":{"id":"0","name":"eventBus"}}
{"__type":"$$EventMessageNode","id":"259d6533-fe44-46f1-b4d2-ea59cfda6166","ts":"2025-06-18T07:11:37.467-04:00","eventName":"n8n.node.finished","message":"n8n.node.finished","payload":{"workflowId":"HSBafTyj0SG6K5y2","workflowName":"My workflow","executionId":"43","nodeType":"n8n-nodes-base.code","nodeName":"Document Conversion"}}
{"__type":"$$EventMessageConfirm","confirm":"259d6533-fe44-46f1-b4d2-ea59cfda6166","ts":"2025-06-18T07:11:37.467-04:00","source":{"id":"0","name":"eventBus"}}
{"__type":"$$EventMessageWorkflow","id":"fd8f1ebf-d00d-456e-adb4-9557be3315eb","ts":"2025-06-18T07:11:37.539-04:00","eventName":"n8n.workflow.success","message":"n8n.workflow.success","payload":{"executionId":"43","userId":"039e231e-6868-4899-a838-25fbd60ac659","success":true,"isManual":true,"workflowId":"HSBafTyj0SG6K5y2","workflowName":"My workflow"}}
{"__type":"$$EventMessageConfirm","confirm":"fd8f1ebf-d00d-456e-adb4-9557be3315eb","ts":"2025-06-18T07:11:37.539-04:00","source":{"id":"0","name":"eventBus"}}
