{"__type":"$$EventMessageWorkflow","id":"4b465eb0-09f5-43f2-8f03-b7c72219156e","ts":"2025-06-18T11:04:09.606+00:00","eventName":"n8n.workflow.started","message":"n8n.workflow.started","payload":{"executionId":"35","workflowId":"HSBafTyj0SG6K5y2","isManual":false,"workflowName":"My workflow"}}
{"__type":"$$EventMessageConfirm","confirm":"4b465eb0-09f5-43f2-8f03-b7c72219156e","ts":"2025-06-18T11:04:09.606+00:00","source":{"id":"0","name":"eventBus"}}
{"__type":"$$EventMessageNode","id":"f42ceb20-fb29-4c45-8dfb-c9259392e707","ts":"2025-06-18T11:04:09.608+00:00","eventName":"n8n.node.started","message":"n8n.node.started","payload":{"workflowId":"HSBafTyj0SG6K5y2","workflowName":"My workflow","executionId":"35","nodeType":"n8n-nodes-base.scheduleTrigger","nodeName":"Schedule update product everyday"}}
{"__type":"$$EventMessageConfirm","confirm":"f42ceb20-fb29-4c45-8dfb-c9259392e707","ts":"2025-06-18T11:04:09.609+00:00","source":{"id":"0","name":"eventBus"}}
{"__type":"$$EventMessageNode","id":"c294542d-6254-41b1-8ac0-9256c4ae6dcd","ts":"2025-06-18T11:04:09.630+00:00","eventName":"n8n.node.finished","message":"n8n.node.finished","payload":{"workflowId":"HSBafTyj0SG6K5y2","workflowName":"My workflow","executionId":"35","nodeType":"n8n-nodes-base.scheduleTrigger","nodeName":"Schedule update product everyday"}}
{"__type":"$$EventMessageConfirm","confirm":"c294542d-6254-41b1-8ac0-9256c4ae6dcd","ts":"2025-06-18T11:04:09.630+00:00","source":{"id":"0","name":"eventBus"}}
{"__type":"$$EventMessageWorkflow","id":"4e151ab4-8455-4b5e-bad0-1361906b4b8d","ts":"2025-06-18T11:04:09.643+00:00","eventName":"n8n.workflow.success","message":"n8n.workflow.success","payload":{"executionId":"35","userId":"039e231e-6868-4899-a838-25fbd60ac659","success":true,"isManual":true,"workflowId":"HSBafTyj0SG6K5y2","workflowName":"My workflow"}}
{"__type":"$$EventMessageConfirm","confirm":"4e151ab4-8455-4b5e-bad0-1361906b4b8d","ts":"2025-06-18T11:04:09.643+00:00","source":{"id":"0","name":"eventBus"}}
{"__type":"$$EventMessageWorkflow","id":"a6152972-a516-4fcb-8e84-a0cdd3f07a2c","ts":"2025-06-18T11:04:10.921+00:00","eventName":"n8n.workflow.started","message":"n8n.workflow.started","payload":{"executionId":"36","workflowId":"HSBafTyj0SG6K5y2","isManual":false,"workflowName":"My workflow"}}
{"__type":"$$EventMessageConfirm","confirm":"a6152972-a516-4fcb-8e84-a0cdd3f07a2c","ts":"2025-06-18T11:04:10.921+00:00","source":{"id":"0","name":"eventBus"}}
{"__type":"$$EventMessageNode","id":"c08a4d89-54b1-4114-9e90-e497c676c4b0","ts":"2025-06-18T11:04:10.922+00:00","eventName":"n8n.node.started","message":"n8n.node.started","payload":{"workflowId":"HSBafTyj0SG6K5y2","workflowName":"My workflow","executionId":"36","nodeType":"n8n-nodes-base.httpRequest","nodeName":"Get all products"}}
{"__type":"$$EventMessageConfirm","confirm":"c08a4d89-54b1-4114-9e90-e497c676c4b0","ts":"2025-06-18T11:04:10.922+00:00","source":{"id":"0","name":"eventBus"}}
{"__type":"$$EventMessageNode","id":"68bf7fa3-6759-4442-a7cf-d719084f3de1","ts":"2025-06-18T11:04:11.423+00:00","eventName":"n8n.node.finished","message":"n8n.node.finished","payload":{"workflowId":"HSBafTyj0SG6K5y2","workflowName":"My workflow","executionId":"36","nodeType":"n8n-nodes-base.httpRequest","nodeName":"Get all products"}}
{"__type":"$$EventMessageConfirm","confirm":"68bf7fa3-6759-4442-a7cf-d719084f3de1","ts":"2025-06-18T11:04:11.423+00:00","source":{"id":"0","name":"eventBus"}}
{"__type":"$$EventMessageWorkflow","id":"7edf43f1-82fd-4c59-8171-be7ea69597fd","ts":"2025-06-18T11:04:11.437+00:00","eventName":"n8n.workflow.success","message":"n8n.workflow.success","payload":{"executionId":"36","userId":"039e231e-6868-4899-a838-25fbd60ac659","success":true,"isManual":true,"workflowId":"HSBafTyj0SG6K5y2","workflowName":"My workflow"}}
{"__type":"$$EventMessageConfirm","confirm":"7edf43f1-82fd-4c59-8171-be7ea69597fd","ts":"2025-06-18T11:04:11.437+00:00","source":{"id":"0","name":"eventBus"}}
{"__type":"$$EventMessageWorkflow","id":"f9155637-4721-4da4-a581-7106dc814c8d","ts":"2025-06-18T11:04:56.508+00:00","eventName":"n8n.workflow.started","message":"n8n.workflow.started","payload":{"executionId":"37","workflowId":"HSBafTyj0SG6K5y2","isManual":false,"workflowName":"My workflow"}}
{"__type":"$$EventMessageConfirm","confirm":"f9155637-4721-4da4-a581-7106dc814c8d","ts":"2025-06-18T11:04:56.509+00:00","source":{"id":"0","name":"eventBus"}}
{"__type":"$$EventMessageNode","id":"3065eef6-1765-4f9c-9ed4-34f12ffcab52","ts":"2025-06-18T11:04:56.518+00:00","eventName":"n8n.node.started","message":"n8n.node.started","payload":{"workflowId":"HSBafTyj0SG6K5y2","workflowName":"My workflow","executionId":"37","nodeType":"n8n-nodes-base.code","nodeName":"Document Conversion"}}
{"__type":"$$EventMessageConfirm","confirm":"3065eef6-1765-4f9c-9ed4-34f12ffcab52","ts":"2025-06-18T11:04:56.518+00:00","source":{"id":"0","name":"eventBus"}}
{"__type":"$$EventMessageNode","id":"2c23c52e-10c3-4cac-ac5a-f5358b1b792a","ts":"2025-06-18T07:04:56.576-04:00","eventName":"n8n.node.finished","message":"n8n.node.finished","payload":{"workflowId":"HSBafTyj0SG6K5y2","workflowName":"My workflow","executionId":"37","nodeType":"n8n-nodes-base.code","nodeName":"Document Conversion"}}
{"__type":"$$EventMessageConfirm","confirm":"2c23c52e-10c3-4cac-ac5a-f5358b1b792a","ts":"2025-06-18T07:04:56.576-04:00","source":{"id":"0","name":"eventBus"}}
{"__type":"$$EventMessageWorkflow","id":"65760cf5-3662-45f7-b427-ee9f2b44056c","ts":"2025-06-18T07:04:56.586-04:00","eventName":"n8n.workflow.failed","message":"n8n.workflow.failed","payload":{"executionId":"37","userId":"039e231e-6868-4899-a838-25fbd60ac659","success":false,"isManual":true,"workflowId":"HSBafTyj0SG6K5y2","workflowName":"My workflow","lastNodeExecuted":"Document Conversion","errorNodeType":"n8n-nodes-base.code","errorMessage":"Cannot find module 'html-to-text' [line 1]"}}
{"__type":"$$EventMessageConfirm","confirm":"65760cf5-3662-45f7-b427-ee9f2b44056c","ts":"2025-06-18T07:04:56.586-04:00","source":{"id":"0","name":"eventBus"}}
{"__type":"$$EventMessageWorkflow","id":"498b4a51-5e7b-4054-868a-45956cb92c88","ts":"2025-06-18T07:07:02.334-04:00","eventName":"n8n.workflow.started","message":"n8n.workflow.started","payload":{"executionId":"38","workflowId":"HSBafTyj0SG6K5y2","isManual":false,"workflowName":"My workflow"}}
{"__type":"$$EventMessageConfirm","confirm":"498b4a51-5e7b-4054-868a-45956cb92c88","ts":"2025-06-18T07:07:02.335-04:00","source":{"id":"0","name":"eventBus"}}
{"__type":"$$EventMessageNode","id":"3478a289-b49a-4fa1-a5e6-aa32a50936d6","ts":"2025-06-18T07:07:02.345-04:00","eventName":"n8n.node.started","message":"n8n.node.started","payload":{"workflowId":"HSBafTyj0SG6K5y2","workflowName":"My workflow","executionId":"38","nodeType":"n8n-nodes-base.code","nodeName":"Document Conversion"}}
{"__type":"$$EventMessageConfirm","confirm":"3478a289-b49a-4fa1-a5e6-aa32a50936d6","ts":"2025-06-18T07:07:02.345-04:00","source":{"id":"0","name":"eventBus"}}
{"__type":"$$EventMessageNode","id":"8d48446f-b71c-44aa-b428-2a85eb83919c","ts":"2025-06-18T07:07:02.356-04:00","eventName":"n8n.node.finished","message":"n8n.node.finished","payload":{"workflowId":"HSBafTyj0SG6K5y2","workflowName":"My workflow","executionId":"38","nodeType":"n8n-nodes-base.code","nodeName":"Document Conversion"}}
{"__type":"$$EventMessageConfirm","confirm":"8d48446f-b71c-44aa-b428-2a85eb83919c","ts":"2025-06-18T07:07:02.356-04:00","source":{"id":"0","name":"eventBus"}}
{"__type":"$$EventMessageWorkflow","id":"baa03691-2463-4060-b2f3-2b229f8083d8","ts":"2025-06-18T07:07:02.364-04:00","eventName":"n8n.workflow.failed","message":"n8n.workflow.failed","payload":{"executionId":"38","userId":"039e231e-6868-4899-a838-25fbd60ac659","success":false,"isManual":true,"workflowId":"HSBafTyj0SG6K5y2","workflowName":"My workflow","lastNodeExecuted":"Document Conversion","errorNodeType":"n8n-nodes-base.code","errorMessage":"Cannot find module 'html-to-text' [line 1]"}}
{"__type":"$$EventMessageConfirm","confirm":"baa03691-2463-4060-b2f3-2b229f8083d8","ts":"2025-06-18T07:07:02.364-04:00","source":{"id":"0","name":"eventBus"}}
